Performing C SOURCE FILE Test CMAKE_HAVE_LIBC_PTHREAD failed with the following output:
Change Dir: /home/leung-0ng/桌面/OS/composity_2/cmake-build-debug/CMakeFiles/CMakeTmp

Run Build Command(s):/usr/bin/make cmTC_787bc/fast && /usr/bin/make  -f CMakeFiles/cmTC_787bc.dir/build.make CMakeFiles/cmTC_787bc.dir/build
make[1]: 进入目录“/home/leung-0ng/桌面/OS/composity_2/cmake-build-debug/CMakeFiles/CMakeTmp”
Building C object CMakeFiles/cmTC_787bc.dir/src.c.o
/usr/bin/cc -DCMAKE_HAVE_LIBC_PTHREAD   -o CMakeFiles/cmTC_787bc.dir/src.c.o -c /home/leung-0ng/桌面/OS/composity_2/cmake-build-debug/CMakeFiles/CMakeTmp/src.c
Linking C executable cmTC_787bc
/snap/clion/152/bin/cmake/linux/bin/cmake -E cmake_link_script CMakeFiles/cmTC_787bc.dir/link.txt --verbose=1
/usr/bin/cc CMakeFiles/cmTC_787bc.dir/src.c.o -o cmTC_787bc 
CMakeFiles/cmTC_787bc.dir/src.c.o：在函数‘main’中：
src.c:(.text+0x3e)：对‘pthread_create’未定义的引用
src.c:(.text+0x4a)：对‘pthread_detach’未定义的引用
src.c:(.text+0x56)：对‘pthread_cancel’未定义的引用
src.c:(.text+0x67)：对‘pthread_join’未定义的引用
src.c:(.text+0x7b)：对‘pthread_atfork’未定义的引用
collect2: error: ld returned 1 exit status
CMakeFiles/cmTC_787bc.dir/build.make:105: recipe for target 'cmTC_787bc' failed
make[1]: *** [cmTC_787bc] Error 1
make[1]: 离开目录“/home/leung-0ng/桌面/OS/composity_2/cmake-build-debug/CMakeFiles/CMakeTmp”
Makefile:140: recipe for target 'cmTC_787bc/fast' failed
make: *** [cmTC_787bc/fast] Error 2


Source file was:
#include <pthread.h>

static void* test_func(void* data)
{
  return data;
}

int main(void)
{
  pthread_t thread;
  pthread_create(&thread, NULL, test_func, NULL);
  pthread_detach(thread);
  pthread_cancel(thread);
  pthread_join(thread, NULL);
  pthread_atfork(NULL, NULL, NULL);
  pthread_exit(NULL);

  return 0;
}

Determining if the function pthread_create exists in the pthreads failed with the following output:
Change Dir: /home/leung-0ng/桌面/OS/composity_2/cmake-build-debug/CMakeFiles/CMakeTmp

Run Build Command(s):/usr/bin/make cmTC_e4347/fast && /usr/bin/make  -f CMakeFiles/cmTC_e4347.dir/build.make CMakeFiles/cmTC_e4347.dir/build
make[1]: 进入目录“/home/leung-0ng/桌面/OS/composity_2/cmake-build-debug/CMakeFiles/CMakeTmp”
Building C object CMakeFiles/cmTC_e4347.dir/CheckFunctionExists.c.o
/usr/bin/cc   -DCHECK_FUNCTION_EXISTS=pthread_create -o CMakeFiles/cmTC_e4347.dir/CheckFunctionExists.c.o -c /snap/clion/152/bin/cmake/linux/share/cmake-3.19/Modules/CheckFunctionExists.c
Linking C executable cmTC_e4347
/snap/clion/152/bin/cmake/linux/bin/cmake -E cmake_link_script CMakeFiles/cmTC_e4347.dir/link.txt --verbose=1
/usr/bin/cc  -DCHECK_FUNCTION_EXISTS=pthread_create CMakeFiles/cmTC_e4347.dir/CheckFunctionExists.c.o -o cmTC_e4347  -lpthreads 
/usr/bin/ld: 找不到 -lpthreads
collect2: error: ld returned 1 exit status
CMakeFiles/cmTC_e4347.dir/build.make:105: recipe for target 'cmTC_e4347' failed
make[1]: *** [cmTC_e4347] Error 1
make[1]: 离开目录“/home/leung-0ng/桌面/OS/composity_2/cmake-build-debug/CMakeFiles/CMakeTmp”
Makefile:140: recipe for target 'cmTC_e4347/fast' failed
make: *** [cmTC_e4347/fast] Error 2



